Unbounded Crash Report - 20260709_100426
Error: TypeError: 'bool' object is not subscriptable
State stack: ['MainMenuState', 'PlayState']

Traceback (most recent call last):
  File "/data/data/com.termux/files/home/unbounded/core/state_machine.py", line 74, in run
    current.render(self.stdscr)
    ~~~~~~~~~~~~~~^^^^^^^^^^^^^
  File "/data/data/com.termux/files/home/unbounded/ui/states/play_state.py", line 81, in render
    draw(self.game)
    ~~~~^^^^^^^^^^^
  File "/data/data/com.termux/files/home/unbounded/ui/game_renderer.py", line 108, in draw
    _draw_map_row(stdscr, game, row, ox, oy, ambient)
    ~~~~~~~~~~~~~^^^^^^^^^^^^^^^^^^^^^^^^^^^^^^^^^^^^
  File "/data/data/com.termux/files/home/unbounded/ui/game_renderer.py", line 80, in _draw_map_row
    ch, attr = _compute_cell(game, wx, wy)
               ~~~~~~~~~~~~~^^^^^^^^^^^^^^
  File "/data/data/com.termux/files/home/unbounded/ui/game_renderer.py", line 57, in _compute_cell
    ch = m["char"]
         ~^^^^^^^^
TypeError: 'bool' object is not subscriptable
